[2021-05-25 16:51:42.033] [exthost1] [info] extension host started
[2021-05-25 16:51:42.055] [exthost1] [info] ExtensionService#_doActivateExtension vscode.debug-auto-launch {"startup":true,"activationEvent":"*"}
[2021-05-25 16:51:42.055] [exthost1] [info] ExtensionService#loadCommonJSModule /usr/share/code/resources/app/extensions/debug-auto-launch/out/extension
[2021-05-25 16:51:42.062] [exthost1] [info] ExtensionService#_doActivateExtension vscode.emmet {"startup":true,"activationEvent":"*"}
[2021-05-25 16:51:42.062] [exthost1] [info] ExtensionService#loadCommonJSModule /usr/share/code/resources/app/extensions/emmet/dist/extension
[2021-05-25 16:51:42.105] [exthost1] [info] ExtensionService#_doActivateExtension vscode.git {"startup":true,"activationEvent":"*"}
[2021-05-25 16:51:42.105] [exthost1] [info] ExtensionService#loadCommonJSModule /usr/share/code/resources/app/extensions/git/dist/main
[2021-05-25 16:51:42.275] [exthost1] [info] ExtensionService#_doActivateExtension vscode.merge-conflict {"startup":true,"activationEvent":"*"}
[2021-05-25 16:51:42.275] [exthost1] [info] ExtensionService#loadCommonJSModule /usr/share/code/resources/app/extensions/merge-conflict/out/extension
[2021-05-25 16:51:42.285] [exthost1] [info] ExtensionService#_doActivateExtension vscode.search-rg {"startup":true,"activationEvent":"*"}
[2021-05-25 16:51:42.285] [exthost1] [info] ExtensionService#loadCommonJSModule /usr/share/code/resources/app/extensions/search-rg/out/extension
[2021-05-25 16:51:42.291] [exthost1] [info] ExtensionService#_doActivateExtension 2gua.rainbow-brackets {"startup":true,"activationEvent":"*"}
[2021-05-25 16:51:42.291] [exthost1] [info] ExtensionService#loadCommonJSModule /root/.vscode/extensions/2gua.rainbow-brackets-0.0.6/out/src/extension
[2021-05-25 16:51:42.292] [exthost1] [info] ExtensionService#_doActivateExtension CoenraadS.bracket-pair-colorizer {"startup":true,"activationEvent":"*"}
[2021-05-25 16:51:42.292] [exthost1] [info] ExtensionService#loadCommonJSModule /root/.vscode/extensions/coenraads.bracket-pair-colorizer-1.0.61/out/src/extension
[2021-05-25 16:51:42.310] [exthost1] [info] ExtensionService#_doActivateExtension esbenp.prettier-vscode {"startup":true,"activationEvent":"*"}
[2021-05-25 16:51:42.310] [exthost1] [info] ExtensionService#loadCommonJSModule /root/.vscode/extensions/esbenp.prettier-vscode-2.2.2/out/extension
[2021-05-25 16:51:42.550] [exthost1] [info] ExtensionService#_doActivateExtension monokai.theme-monokai-pro-vscode {"startup":true,"activationEvent":"*"}
[2021-05-25 16:51:42.550] [exthost1] [info] ExtensionService#loadCommonJSModule /root/.vscode/extensions/monokai.theme-monokai-pro-vscode-1.1.19/js/main
[2021-05-25 16:51:42.560] [exthost1] [info] ExtensionService#_doActivateExtension PKief.material-icon-theme {"startup":true,"activationEvent":"*"}
[2021-05-25 16:51:42.560] [exthost1] [info] ExtensionService#loadCommonJSModule /root/.vscode/extensions/pkief.material-icon-theme-3.9.3/dist/extension
[2021-05-25 16:51:42.599] [exthost1] [info] ExtensionService#_doActivateExtension ritwickdey.LiveServer {"startup":true,"activationEvent":"*"}
[2021-05-25 16:51:42.599] [exthost1] [info] ExtensionService#loadCommonJSModule /root/.vscode/extensions/ritwickdey.liveserver-5.6.1/out/src/extension
[2021-05-25 16:51:42.888] [exthost1] [info] ExtensionService#_doActivateExtension vscode-icons-team.vscode-icons {"startup":true,"activationEvent":"*"}
[2021-05-25 16:51:42.888] [exthost1] [info] ExtensionService#loadCommonJSModule /root/.vscode/extensions/vscode-icons-team.vscode-icons-9.7.0/dist/src/vscode-icons.bundle.js
[2021-05-25 16:51:43.065] [exthost1] [info] ExtensionService#_doActivateExtension wayou.vscode-todo-highlight {"startup":true,"activationEvent":"*"}
[2021-05-25 16:51:43.065] [exthost1] [info] ExtensionService#loadCommonJSModule /root/.vscode/extensions/wayou.vscode-todo-highlight-1.0.4/src/extension
[2021-05-25 16:51:43.069] [exthost1] [info] eager extensions activated
[2021-05-25 16:52:15.883] [exthost1] [info] ExtensionService#_doActivateExtension vscode.configuration-editing {"startup":false,"activationEvent":"onLanguage:json"}
[2021-05-25 16:52:15.883] [exthost1] [info] ExtensionService#loadCommonJSModule /usr/share/code/resources/app/extensions/configuration-editing/out/extension
[2021-05-25 16:52:15.894] [exthost1] [info] ExtensionService#_doActivateExtension vscode.extension-editing {"startup":false,"activationEvent":"onLanguage:json"}
[2021-05-25 16:52:15.894] [exthost1] [info] ExtensionService#loadCommonJSModule /usr/share/code/resources/app/extensions/extension-editing/out/extension
[2021-05-25 16:52:15.908] [exthost1] [info] ExtensionService#_doActivateExtension vscode.json-language-features {"startup":false,"activationEvent":"onLanguage:json"}
[2021-05-25 16:52:15.908] [exthost1] [info] ExtensionService#loadCommonJSModule /usr/share/code/resources/app/extensions/json-language-features/client/dist/jsonMain
[2021-05-25 16:52:16.039] [exthost1] [info] ExtensionService#_doActivateExtension vscode.npm {"startup":false,"activationEvent":"onLanguage:json"}
[2021-05-25 16:52:16.039] [exthost1] [info] ExtensionService#loadCommonJSModule /usr/share/code/resources/app/extensions/npm/out/main
