[2021-05-25 16:41:59.154] [sharedprocess] [info] main {"machineId":"5a9eb76abc2140e1b92be63bcdc7f4066040bd4a6080f0fbaeda161b4dc1a6e4"}
[2021-05-25 16:41:59.251] [sharedprocess] [info] Scanned user extensions: 13
[2021-05-25 16:41:59.284] [sharedprocess] [info] Scanned user extensions: 13
[2021-05-25 16:41:59.292] [sharedprocess] [info] Scanned user extensions: 13
[2021-05-25 16:41:59.296] [sharedprocess] [info] Scanned user extensions: 13
[2021-05-25 16:41:59.850] [sharedprocess] [info] Scanned system extensions: 71
[2021-05-25 16:41:59.857] [sharedprocess] [info] Deleted from disk robertohuertasm.vscode-icons-7.27.0
[2021-05-25 16:41:59.865] [sharedprocess] [info] Scanned system extensions: 71
[2021-05-25 16:41:59.868] [sharedprocess] [info] Scanned system extensions: 71
[2021-05-25 16:42:00.027] [sharedprocess] [info] Deleted from disk eg2.tslint-1.0.40
[2021-05-25 16:42:01.406] [sharedprocess] [info] Scanned user extensions: 13
[2021-05-25 16:42:05.587] [sharedprocess] [info] Scanned user extensions: 13
[2021-05-25 16:42:05.588] [sharedprocess] [info] Scanned user extensions: 13
[2021-05-25 16:42:05.593] [sharedprocess] [info] Scanned user extensions: 13
[2021-05-25 16:42:05.640] [sharedprocess] [info] Scanned system extensions: 71
[2021-05-25 16:42:05.643] [sharedprocess] [info] Scanned system extensions: 71
[2021-05-25 16:42:08.314] [sharedprocess] [info] Scanned user extensions: 13
[2021-05-25 16:42:08.644] [sharedprocess] [info] Scanned user extensions: 13
[2021-05-25 16:42:08.714] [sharedprocess] [info] Scanned user extensions: 13
[2021-05-25 16:42:08.717] [sharedprocess] [info] Scanned user extensions: 13
[2021-05-25 16:42:08.721] [sharedprocess] [info] Scanned user extensions: 13
[2021-05-25 16:42:08.767] [sharedprocess] [info] Scanned system extensions: 71
[2021-05-25 16:42:08.770] [sharedprocess] [info] Scanned system extensions: 71
[2021-05-25 16:42:08.773] [sharedprocess] [info] Scanned system extensions: 71
[2021-05-25 16:42:17.771] [sharedprocess] [info] Scanned user extensions: 13
[2021-05-25 16:42:17.794] [sharedprocess] [info] Scanned system extensions: 71
[2021-05-25 16:42:39.158] [sharedprocess] [info] Starting to clean up unused language packs.
[2021-05-25 16:47:08.330] [sharedprocess] [info] Scanned user extensions: 13
